<?xml version="1.0" encoding="UTF-8"?>
<!-- Generated by org.testng.reporters.JUnitXMLReporter -->
<testsuite ignored="0" hostname="DESKTOP-23G39K0" failures="0" tests="3" name="Default test" time="0.102" errors="0" timestamp="2024-01-02T17:07:11 IST">
  <testcase classname="DataDrivenTestiing.DDDemoTest" name="testLogin" time="0.01"/>
  <testcase classname="DataDrivenTestiing.DDDemoTest" name="testLogin" time="0.004"/>
  <testcase classname="DataDrivenTestiing.DDDemoTest" name="testLogin" time="0.002"/>
</testsuite> <!-- Default test -->
