<?xml version="1.0" encoding="UTF-8"?>
<testng-results ignored="0" total="3" passed="3" failed="0" skipped="0">
  <reporter-output>
  </reporter-output>
  <suite started-at="2024-01-02T17:07:11 IST" name="Default suite" finished-at="2024-01-02T17:07:11 IST" duration-ms="102">
    <groups>
    </groups>
    <test started-at="2024-01-02T17:07:11 IST" name="Default test" finished-at="2024-01-02T17:07:11 IST" duration-ms="102">
      <class name="DataDrivenTestiing.DDDemoTest">
        <test-method signature="testLogin(java.lang.String,java.lang.String)[pri:0, instance:DataDrivenTestiing.DDDemoTest@21282ed8]" started-at="2024-01-02T17:07:11 IST" name="testLogin" data-provider="dsm" finished-at="2024-01-02T17:07:11 IST" duration-ms="10" status="PASS">
          <params>
            <param index="0">
              <value>
                <![CDATA[manju]]>
              </value>
            </param>
            <param index="1">
              <value>
                <![CDATA[1428]]>
              </value>
            </param>
          </params>
          <reporter-output>
          </reporter-output>
        </test-method> <!-- testLogin -->
        <test-method signature="testLogin(java.lang.String,java.lang.String)[pri:0, instance:DataDrivenTestiing.DDDemoTest@21282ed8]" started-at="2024-01-02T17:07:11 IST" name="testLogin" data-provider="dsm" finished-at="2024-01-02T17:07:11 IST" duration-ms="4" status="PASS">
          <params>
            <param index="0">
              <value>
                <![CDATA[thor]]>
              </value>
            </param>
            <param index="1">
              <value>
                <![CDATA[8241]]>
              </value>
            </param>
          </params>
          <reporter-output>
          </reporter-output>
        </test-method> <!-- testLogin -->
        <test-method signature="testLogin(java.lang.String,java.lang.String)[pri:0, instance:DataDrivenTestiing.DDDemoTest@21282ed8]" started-at="2024-01-02T17:07:11 IST" name="testLogin" data-provider="dsm" finished-at="2024-01-02T17:07:11 IST" duration-ms="2" status="PASS">
          <params>
            <param index="0">
              <value>
                <![CDATA[manyogi]]>
              </value>
            </param>
            <param index="1">
              <value>
                <![CDATA[2814]]>
              </value>
            </param>
          </params>
          <reporter-output>
          </reporter-output>
        </test-method> <!-- testLogin -->
      </class> <!-- DataDrivenTestiing.DDDemoTest -->
    </test> <!-- Default test -->
  </suite> <!-- Default suite -->
</testng-results>
